9/25/2019 11:03:30 PM
 
Log
Level loaded: Robotic Arm Landing Scene

Exception
UnityAgentsException: Not enough cameras/renderTextures for agent RobotArmAgent : Brain RobotArmLearningBrain expecting at least 2 cameras/renderTextures but only 0 were present.
MLAgents.Agent.SendInfoToBrain () (at <780a21aef07142b1be6ef9f51b97130f>:0)
MLAgents.Agent.SendInfo () (at <780a21aef07142b1be6ef9f51b97130f>:0)
MLAgents.Academy.EnvironmentStep () (at <780a21aef07142b1be6ef9f51b97130f>:0)
MLAgents.Academy.FixedUpdate () (at <780a21aef07142b1be6ef9f51b97130f>:0)

Exception
UnityAgentsException: Not enough cameras/renderTextures for agent RobotArmAgent : Brain RobotArmLearningBrain expecting at least 2 cameras/renderTextures but only 0 were present.
MLAgents.Agent.SendInfoToBrain () (at <780a21aef07142b1be6ef9f51b97130f>:0)
MLAgents.Agent.SendInfo () (at <780a21aef07142b1be6ef9f51b97130f>:0)
MLAgents.Academy.EnvironmentStep () (at <780a21aef07142b1be6ef9f51b97130f>:0)
MLAgents.Academy.FixedUpdate () (at <780a21aef07142b1be6ef9f51b97130f>:0)

Exception
UnityAgentsException: Not enough cameras/renderTextures for agent RobotArmAgent : Brain RobotArmLearningBrain expecting at least 2 cameras/renderTextures but only 0 were present.
MLAgents.Agent.SendInfoToBrain () (at <780a21aef07142b1be6ef9f51b97130f>:0)
MLAgents.Agent.SendInfo () (at <780a21aef07142b1be6ef9f51b97130f>:0)
MLAgents.Academy.EnvironmentStep () (at <780a21aef07142b1be6ef9f51b97130f>:0)
MLAgents.Academy.FixedUpdate () (at <780a21aef07142b1be6ef9f51b97130f>:0)

Exception
UnityAgentsException: Not enough cameras/renderTextures for agent RobotArmAgent : Brain RobotArmLearningBrain expecting at least 2 cameras/renderTextures but only 0 were present.
MLAgents.Agent.SendInfoToBrain () (at <780a21aef07142b1be6ef9f51b97130f>:0)
MLAgents.Agent.SendInfo () (at <780a21aef07142b1be6ef9f51b97130f>:0)
MLAgents.Academy.EnvironmentStep () (at <780a21aef07142b1be6ef9f51b97130f>:0)
MLAgents.Academy.FixedUpdate () (at <780a21aef07142b1be6ef9f51b97130f>:0)

Exception
UnityAgentsException: Not enough cameras/renderTextures for agent RobotArmAgent : Brain RobotArmLearningBrain expecting at least 2 cameras/renderTextures but only 0 were present.
MLAgents.Agent.SendInfoToBrain () (at <780a21aef07142b1be6ef9f51b97130f>:0)
MLAgents.Agent.SendInfo () (at <780a21aef07142b1be6ef9f51b97130f>:0)
MLAgents.Academy.EnvironmentStep () (at <780a21aef07142b1be6ef9f51b97130f>:0)
MLAgents.Academy.FixedUpdate () (at <780a21aef07142b1be6ef9f51b97130f>:0)

Exception
UnityAgentsException: Not enough cameras/renderTextures for agent RobotArmAgent : Brain RobotArmLearningBrain expecting at least 2 cameras/renderTextures but only 0 were present.
MLAgents.Agent.SendInfoToBrain () (at <780a21aef07142b1be6ef9f51b97130f>:0)
MLAgents.Agent.SendInfo () (at <780a21aef07142b1be6ef9f51b97130f>:0)
MLAgents.Academy.EnvironmentStep () (at <780a21aef07142b1be6ef9f51b97130f>:0)
MLAgents.Academy.FixedUpdate () (at <780a21aef07142b1be6ef9f51b97130f>:0)

Exception
UnityAgentsException: Not enough cameras/renderTextures for agent RobotArmAgent : Brain RobotArmLearningBrain expecting at least 2 cameras/renderTextures but only 0 were present.
MLAgents.Agent.SendInfoToBrain () (at <780a21aef07142b1be6ef9f51b97130f>:0)
MLAgents.Agent.SendInfo () (at <780a21aef07142b1be6ef9f51b97130f>:0)
MLAgents.Academy.EnvironmentStep () (at <780a21aef07142b1be6ef9f51b97130f>:0)
MLAgents.Academy.FixedUpdate () (at <780a21aef07142b1be6ef9f51b97130f>:0)

Exception
UnityAgentsException: Not enough cameras/renderTextures for agent RobotArmAgent : Brain RobotArmLearningBrain expecting at least 2 cameras/renderTextures but only 0 were present.
MLAgents.Agent.SendInfoToBrain () (at <780a21aef07142b1be6ef9f51b97130f>:0)
MLAgents.Agent.SendInfo () (at <780a21aef07142b1be6ef9f51b97130f>:0)
MLAgents.Academy.EnvironmentStep () (at <780a21aef07142b1be6ef9f51b97130f>:0)
MLAgents.Academy.FixedUpdate () (at <780a21aef07142b1be6ef9f51b97130f>:0)

Exception
UnityAgentsException: Not enough cameras/renderTextures for agent RobotArmAgent : Brain RobotArmLearningBrain expecting at least 2 cameras/renderTextures but only 0 were present.
MLAgents.Agent.SendInfoToBrain () (at <780a21aef07142b1be6ef9f51b97130f>:0)
MLAgents.Agent.SendInfo () (at <780a21aef07142b1be6ef9f51b97130f>:0)
MLAgents.Academy.EnvironmentStep () (at <780a21aef07142b1be6ef9f51b97130f>:0)
MLAgents.Academy.FixedUpdate () (at <780a21aef07142b1be6ef9f51b97130f>:0)

Exception
UnityAgentsException: Not enough cameras/renderTextures for agent RobotArmAgent : Brain RobotArmLearningBrain expecting at least 2 cameras/renderTextures but only 0 were present.
MLAgents.Agent.SendInfoToBrain () (at <780a21aef07142b1be6ef9f51b97130f>:0)
MLAgents.Agent.SendInfo () (at <780a21aef07142b1be6ef9f51b97130f>:0)
MLAgents.Academy.EnvironmentStep () (at <780a21aef07142b1be6ef9f51b97130f>:0)
MLAgents.Academy.FixedUpdate () (at <780a21aef07142b1be6ef9f51b97130f>:0)

Exception
UnityAgentsException: Not enough cameras/renderTextures for agent RobotArmAgent : Brain RobotArmLearningBrain expecting at least 2 cameras/renderTextures but only 0 were present.
MLAgents.Agent.SendInfoToBrain () (at <780a21aef07142b1be6ef9f51b97130f>:0)
MLAgents.Agent.SendInfo () (at <780a21aef07142b1be6ef9f51b97130f>:0)
MLAgents.Academy.EnvironmentStep () (at <780a21aef07142b1be6ef9f51b97130f>:0)
MLAgents.Academy.FixedUpdate () (at <780a21aef07142b1be6ef9f51b97130f>:0)

Exception
UnityAgentsException: Not enough cameras/renderTextures for agent RobotArmAgent : Brain RobotArmLearningBrain expecting at least 2 cameras/renderTextures but only 0 were present.
MLAgents.Agent.SendInfoToBrain () (at <780a21aef07142b1be6ef9f51b97130f>:0)
MLAgents.Agent.SendInfo () (at <780a21aef07142b1be6ef9f51b97130f>:0)
MLAgents.Academy.EnvironmentStep () (at <780a21aef07142b1be6ef9f51b97130f>:0)
MLAgents.Academy.FixedUpdate () (at <780a21aef07142b1be6ef9f51b97130f>:0)

Exception
UnityAgentsException: Not enough cameras/renderTextures for agent RobotArmAgent : Brain RobotArmLearningBrain expecting at least 2 cameras/renderTextures but only 0 were present.
MLAgents.Agent.SendInfoToBrain () (at <780a21aef07142b1be6ef9f51b97130f>:0)
MLAgents.Agent.SendInfo () (at <780a21aef07142b1be6ef9f51b97130f>:0)
MLAgents.Academy.EnvironmentStep () (at <780a21aef07142b1be6ef9f51b97130f>:0)
MLAgents.Academy.FixedUpdate () (at <780a21aef07142b1be6ef9f51b97130f>:0)

Exception
UnityAgentsException: Not enough cameras/renderTextures for agent RobotArmAgent : Brain RobotArmLearningBrain expecting at least 2 cameras/renderTextures but only 0 were present.
MLAgents.Agent.SendInfoToBrain () (at <780a21aef07142b1be6ef9f51b97130f>:0)
MLAgents.Agent.SendInfo () (at <780a21aef07142b1be6ef9f51b97130f>:0)
MLAgents.Academy.EnvironmentStep () (at <780a21aef07142b1be6ef9f51b97130f>:0)
MLAgents.Academy.FixedUpdate () (at <780a21aef07142b1be6ef9f51b97130f>:0)

Exception
UnityAgentsException: Not enough cameras/renderTextures for agent RobotArmAgent : Brain RobotArmLearningBrain expecting at least 2 cameras/renderTextures but only 0 were present.
MLAgents.Agent.SendInfoToBrain () (at <780a21aef07142b1be6ef9f51b97130f>:0)
MLAgents.Agent.SendInfo () (at <780a21aef07142b1be6ef9f51b97130f>:0)
MLAgents.Academy.EnvironmentStep () (at <780a21aef07142b1be6ef9f51b97130f>:0)
MLAgents.Academy.FixedUpdate () (at <780a21aef07142b1be6ef9f51b97130f>:0)

Exception
UnityAgentsException: Not enough cameras/renderTextures for agent RobotArmAgent : Brain RobotArmLearningBrain expecting at least 2 cameras/renderTextures but only 0 were present.
MLAgents.Agent.SendInfoToBrain () (at <780a21aef07142b1be6ef9f51b97130f>:0)
MLAgents.Agent.SendInfo () (at <780a21aef07142b1be6ef9f51b97130f>:0)
MLAgents.Academy.EnvironmentStep () (at <780a21aef07142b1be6ef9f51b97130f>:0)
MLAgents.Academy.FixedUpdate () (at <780a21aef07142b1be6ef9f51b97130f>:0)

Exception
UnityAgentsException: Not enough cameras/renderTextures for agent RobotArmAgent : Brain RobotArmLearningBrain expecting at least 2 cameras/renderTextures but only 0 were present.
MLAgents.Agent.SendInfoToBrain () (at <780a21aef07142b1be6ef9f51b97130f>:0)
MLAgents.Agent.SendInfo () (at <780a21aef07142b1be6ef9f51b97130f>:0)
MLAgents.Academy.EnvironmentStep () (at <780a21aef07142b1be6ef9f51b97130f>:0)
MLAgents.Academy.FixedUpdate () (at <780a21aef07142b1be6ef9f51b97130f>:0)

Exception
UnityAgentsException: Not enough cameras/renderTextures for agent RobotArmAgent : Brain RobotArmLearningBrain expecting at least 2 cameras/renderTextures but only 0 were present.
MLAgents.Agent.SendInfoToBrain () (at <780a21aef07142b1be6ef9f51b97130f>:0)
MLAgents.Agent.SendInfo () (at <780a21aef07142b1be6ef9f51b97130f>:0)
MLAgents.Academy.EnvironmentStep () (at <780a21aef07142b1be6ef9f51b97130f>:0)
MLAgents.Academy.FixedUpdate () (at <780a21aef07142b1be6ef9f51b97130f>:0)

Exception
UnityAgentsException: Not enough cameras/renderTextures for agent RobotArmAgent : Brain RobotArmLearningBrain expecting at least 2 cameras/renderTextures but only 0 were present.
MLAgents.Agent.SendInfoToBrain () (at <780a21aef07142b1be6ef9f51b97130f>:0)
MLAgents.Agent.SendInfo () (at <780a21aef07142b1be6ef9f51b97130f>:0)
MLAgents.Academy.EnvironmentStep () (at <780a21aef07142b1be6ef9f51b97130f>:0)
MLAgents.Academy.FixedUpdate () (at <780a21aef07142b1be6ef9f51b97130f>:0)

Exception
UnityAgentsException: Not enough cameras/renderTextures for agent RobotArmAgent : Brain RobotArmLearningBrain expecting at least 2 cameras/renderTextures but only 0 were present.
MLAgents.Agent.SendInfoToBrain () (at <780a21aef07142b1be6ef9f51b97130f>:0)
MLAgents.Agent.SendInfo () (at <780a21aef07142b1be6ef9f51b97130f>:0)
MLAgents.Academy.EnvironmentStep () (at <780a21aef07142b1be6ef9f51b97130f>:0)
MLAgents.Academy.FixedUpdate () (at <780a21aef07142b1be6ef9f51b97130f>:0)

Exception
UnityAgentsException: Not enough cameras/renderTextures for agent RobotArmAgent : Brain RobotArmLearningBrain expecting at least 2 cameras/renderTextures but only 0 were present.
MLAgents.Agent.SendInfoToBrain () (at <780a21aef07142b1be6ef9f51b97130f>:0)
MLAgents.Agent.SendInfo () (at <780a21aef07142b1be6ef9f51b97130f>:0)
MLAgents.Academy.EnvironmentStep () (at <780a21aef07142b1be6ef9f51b97130f>:0)
MLAgents.Academy.FixedUpdate () (at <780a21aef07142b1be6ef9f51b97130f>:0)

Exception
UnityAgentsException: Not enough cameras/renderTextures for agent RobotArmAgent : Brain RobotArmLearningBrain expecting at least 2 cameras/renderTextures but only 0 were present.
MLAgents.Agent.SendInfoToBrain () (at <780a21aef07142b1be6ef9f51b97130f>:0)
MLAgents.Agent.SendInfo () (at <780a21aef07142b1be6ef9f51b97130f>:0)
MLAgents.Academy.EnvironmentStep () (at <780a21aef07142b1be6ef9f51b97130f>:0)
MLAgents.Academy.FixedUpdate () (at <780a21aef07142b1be6ef9f51b97130f>:0)

Exception
UnityAgentsException: Not enough cameras/renderTextures for agent RobotArmAgent : Brain RobotArmLearningBrain expecting at least 2 cameras/renderTextures but only 0 were present.
MLAgents.Agent.SendInfoToBrain () (at <780a21aef07142b1be6ef9f51b97130f>:0)
MLAgents.Agent.SendInfo () (at <780a21aef07142b1be6ef9f51b97130f>:0)
MLAgents.Academy.EnvironmentStep () (at <780a21aef07142b1be6ef9f51b97130f>:0)
MLAgents.Academy.FixedUpdate () (at <780a21aef07142b1be6ef9f51b97130f>:0)

Exception
UnityAgentsException: Not enough cameras/renderTextures for agent RobotArmAgent : Brain RobotArmLearningBrain expecting at least 2 cameras/renderTextures but only 0 were present.
MLAgents.Agent.SendInfoToBrain () (at <780a21aef07142b1be6ef9f51b97130f>:0)
MLAgents.Agent.SendInfo () (at <780a21aef07142b1be6ef9f51b97130f>:0)
MLAgents.Academy.EnvironmentStep () (at <780a21aef07142b1be6ef9f51b97130f>:0)
MLAgents.Academy.FixedUpdate () (at <780a21aef07142b1be6ef9f51b97130f>:0)

Exception
UnityAgentsException: Not enough cameras/renderTextures for agent RobotArmAgent : Brain RobotArmLearningBrain expecting at least 2 cameras/renderTextures but only 0 were present.
MLAgents.Agent.SendInfoToBrain () (at <780a21aef07142b1be6ef9f51b97130f>:0)
MLAgents.Agent.SendInfo () (at <780a21aef07142b1be6ef9f51b97130f>:0)
MLAgents.Academy.EnvironmentStep () (at <780a21aef07142b1be6ef9f51b97130f>:0)
MLAgents.Academy.FixedUpdate () (at <780a21aef07142b1be6ef9f51b97130f>:0)

Exception
UnityAgentsException: Not enough cameras/renderTextures for agent RobotArmAgent : Brain RobotArmLearningBrain expecting at least 2 cameras/renderTextures but only 0 were present.
MLAgents.Agent.SendInfoToBrain () (at <780a21aef07142b1be6ef9f51b97130f>:0)
MLAgents.Agent.SendInfo () (at <780a21aef07142b1be6ef9f51b97130f>:0)
MLAgents.Academy.EnvironmentStep () (at <780a21aef07142b1be6ef9f51b97130f>:0)
MLAgents.Academy.FixedUpdate () (at <780a21aef07142b1be6ef9f51b97130f>:0)

Exception
UnityAgentsException: Not enough cameras/renderTextures for agent RobotArmAgent : Brain RobotArmLearningBrain expecting at least 2 cameras/renderTextures but only 0 were present.
MLAgents.Agent.SendInfoToBrain () (at <780a21aef07142b1be6ef9f51b97130f>:0)
MLAgents.Agent.SendInfo () (at <780a21aef07142b1be6ef9f51b97130f>:0)
MLAgents.Academy.EnvironmentStep () (at <780a21aef07142b1be6ef9f51b97130f>:0)
MLAgents.Academy.FixedUpdate () (at <780a21aef07142b1be6ef9f51b97130f>:0)

Exception
UnityAgentsException: Not enough cameras/renderTextures for agent RobotArmAgent : Brain RobotArmLearningBrain expecting at least 2 cameras/renderTextures but only 0 were present.
MLAgents.Agent.SendInfoToBrain () (at <780a21aef07142b1be6ef9f51b97130f>:0)
MLAgents.Agent.SendInfo () (at <780a21aef07142b1be6ef9f51b97130f>:0)
MLAgents.Academy.EnvironmentStep () (at <780a21aef07142b1be6ef9f51b97130f>:0)
MLAgents.Academy.FixedUpdate () (at <780a21aef07142b1be6ef9f51b97130f>:0)

Exception
UnityAgentsException: Not enough cameras/renderTextures for agent RobotArmAgent : Brain RobotArmLearningBrain expecting at least 2 cameras/renderTextures but only 0 were present.
MLAgents.Agent.SendInfoToBrain () (at <780a21aef07142b1be6ef9f51b97130f>:0)
MLAgents.Agent.SendInfo () (at <780a21aef07142b1be6ef9f51b97130f>:0)
MLAgents.Academy.EnvironmentStep () (at <780a21aef07142b1be6ef9f51b97130f>:0)
MLAgents.Academy.FixedUpdate () (at <780a21aef07142b1be6ef9f51b97130f>:0)

Exception
UnityAgentsException: Not enough cameras/renderTextures for agent RobotArmAgent : Brain RobotArmLearningBrain expecting at least 2 cameras/renderTextures but only 0 were present.
MLAgents.Agent.SendInfoToBrain () (at <780a21aef07142b1be6ef9f51b97130f>:0)
MLAgents.Agent.SendInfo () (at <780a21aef07142b1be6ef9f51b97130f>:0)
MLAgents.Academy.EnvironmentStep () (at <780a21aef07142b1be6ef9f51b97130f>:0)
MLAgents.Academy.FixedUpdate () (at <780a21aef07142b1be6ef9f51b97130f>:0)

Exception
UnityAgentsException: Not enough cameras/renderTextures for agent RobotArmAgent : Brain RobotArmLearningBrain expecting at least 2 cameras/renderTextures but only 0 were present.
MLAgents.Agent.SendInfoToBrain () (at <780a21aef07142b1be6ef9f51b97130f>:0)
MLAgents.Agent.SendInfo () (at <780a21aef07142b1be6ef9f51b97130f>:0)
MLAgents.Academy.EnvironmentStep () (at <780a21aef07142b1be6ef9f51b97130f>:0)
MLAgents.Academy.FixedUpdate () (at <780a21aef07142b1be6ef9f51b97130f>:0)

Exception
UnityAgentsException: Not enough cameras/renderTextures for agent RobotArmAgent : Brain RobotArmLearningBrain expecting at least 2 cameras/renderTextures but only 0 were present.
MLAgents.Agent.SendInfoToBrain () (at <780a21aef07142b1be6ef9f51b97130f>:0)
MLAgents.Agent.SendInfo () (at <780a21aef07142b1be6ef9f51b97130f>:0)
MLAgents.Academy.EnvironmentStep () (at <780a21aef07142b1be6ef9f51b97130f>:0)
MLAgents.Academy.FixedUpdate () (at <780a21aef07142b1be6ef9f51b97130f>:0)

Exception
UnityAgentsException: Not enough cameras/renderTextures for agent RobotArmAgent : Brain RobotArmLearningBrain expecting at least 2 cameras/renderTextures but only 0 were present.
MLAgents.Agent.SendInfoToBrain () (at <780a21aef07142b1be6ef9f51b97130f>:0)
MLAgents.Agent.SendInfo () (at <780a21aef07142b1be6ef9f51b97130f>:0)
MLAgents.Academy.EnvironmentStep () (at <780a21aef07142b1be6ef9f51b97130f>:0)
MLAgents.Academy.FixedUpdate () (at <780a21aef07142b1be6ef9f51b97130f>:0)

Exception
UnityAgentsException: Not enough cameras/renderTextures for agent RobotArmAgent : Brain RobotArmLearningBrain expecting at least 2 cameras/renderTextures but only 0 were present.
MLAgents.Agent.SendInfoToBrain () (at <780a21aef07142b1be6ef9f51b97130f>:0)
MLAgents.Agent.SendInfo () (at <780a21aef07142b1be6ef9f51b97130f>:0)
MLAgents.Academy.EnvironmentStep () (at <780a21aef07142b1be6ef9f51b97130f>:0)
MLAgents.Academy.FixedUpdate () (at <780a21aef07142b1be6ef9f51b97130f>:0)

Exception
UnityAgentsException: Not enough cameras/renderTextures for agent RobotArmAgent : Brain RobotArmLearningBrain expecting at least 2 cameras/renderTextures but only 0 were present.
MLAgents.Agent.SendInfoToBrain () (at <780a21aef07142b1be6ef9f51b97130f>:0)
MLAgents.Agent.SendInfo () (at <780a21aef07142b1be6ef9f51b97130f>:0)
MLAgents.Academy.EnvironmentStep () (at <780a21aef07142b1be6ef9f51b97130f>:0)
MLAgents.Academy.FixedUpdate () (at <780a21aef07142b1be6ef9f51b97130f>:0)

Exception
UnityAgentsException: Not enough cameras/renderTextures for agent RobotArmAgent : Brain RobotArmLearningBrain expecting at least 2 cameras/renderTextures but only 0 were present.
MLAgents.Agent.SendInfoToBrain () (at <780a21aef07142b1be6ef9f51b97130f>:0)
MLAgents.Agent.SendInfo () (at <780a21aef07142b1be6ef9f51b97130f>:0)
MLAgents.Academy.EnvironmentStep () (at <780a21aef07142b1be6ef9f51b97130f>:0)
MLAgents.Academy.FixedUpdate () (at <780a21aef07142b1be6ef9f51b97130f>:0)

Exception
UnityAgentsException: Not enough cameras/renderTextures for agent RobotArmAgent : Brain RobotArmLearningBrain expecting at least 2 cameras/renderTextures but only 0 were present.
MLAgents.Agent.SendInfoToBrain () (at <780a21aef07142b1be6ef9f51b97130f>:0)
MLAgents.Agent.SendInfo () (at <780a21aef07142b1be6ef9f51b97130f>:0)
MLAgents.Academy.EnvironmentStep () (at <780a21aef07142b1be6ef9f51b97130f>:0)
MLAgents.Academy.FixedUpdate () (at <780a21aef07142b1be6ef9f51b97130f>:0)

Exception
UnityAgentsException: Not enough cameras/renderTextures for agent RobotArmAgent : Brain RobotArmLearningBrain expecting at least 2 cameras/renderTextures but only 0 were present.
MLAgents.Agent.SendInfoToBrain () (at <780a21aef07142b1be6ef9f51b97130f>:0)
MLAgents.Agent.SendInfo () (at <780a21aef07142b1be6ef9f51b97130f>:0)
MLAgents.Academy.EnvironmentStep () (at <780a21aef07142b1be6ef9f51b97130f>:0)
MLAgents.Academy.FixedUpdate () (at <780a21aef07142b1be6ef9f51b97130f>:0)

Exception
UnityAgentsException: Not enough cameras/renderTextures for agent RobotArmAgent : Brain RobotArmLearningBrain expecting at least 2 cameras/renderTextures but only 0 were present.
MLAgents.Agent.SendInfoToBrain () (at <780a21aef07142b1be6ef9f51b97130f>:0)
MLAgents.Agent.SendInfo () (at <780a21aef07142b1be6ef9f51b97130f>:0)
MLAgents.Academy.EnvironmentStep () (at <780a21aef07142b1be6ef9f51b97130f>:0)
MLAgents.Academy.FixedUpdate () (at <780a21aef07142b1be6ef9f51b97130f>:0)

Exception
UnityAgentsException: Not enough cameras/renderTextures for agent RobotArmAgent : Brain RobotArmLearningBrain expecting at least 2 cameras/renderTextures but only 0 were present.
MLAgents.Agent.SendInfoToBrain () (at <780a21aef07142b1be6ef9f51b97130f>:0)
MLAgents.Agent.SendInfo () (at <780a21aef07142b1be6ef9f51b97130f>:0)
MLAgents.Academy.EnvironmentStep () (at <780a21aef07142b1be6ef9f51b97130f>:0)
MLAgents.Academy.FixedUpdate () (at <780a21aef07142b1be6ef9f51b97130f>:0)

Exception
UnityAgentsException: Not enough cameras/renderTextures for agent RobotArmAgent : Brain RobotArmLearningBrain expecting at least 2 cameras/renderTextures but only 0 were present.
MLAgents.Agent.SendInfoToBrain () (at <780a21aef07142b1be6ef9f51b97130f>:0)
MLAgents.Agent.SendInfo () (at <780a21aef07142b1be6ef9f51b97130f>:0)
MLAgents.Academy.EnvironmentStep () (at <780a21aef07142b1be6ef9f51b97130f>:0)
MLAgents.Academy.FixedUpdate () (at <780a21aef07142b1be6ef9f51b97130f>:0)

Exception
UnityAgentsException: Not enough cameras/renderTextures for agent RobotArmAgent : Brain RobotArmLearningBrain expecting at least 2 cameras/renderTextures but only 0 were present.
MLAgents.Agent.SendInfoToBrain () (at <780a21aef07142b1be6ef9f51b97130f>:0)
MLAgents.Agent.SendInfo () (at <780a21aef07142b1be6ef9f51b97130f>:0)
MLAgents.Academy.EnvironmentStep () (at <780a21aef07142b1be6ef9f51b97130f>:0)
MLAgents.Academy.FixedUpdate () (at <780a21aef07142b1be6ef9f51b97130f>:0)

9/25/2019 11:17:49 PM
 
Log
Level loaded: Robotic Arm Landing Scene

9/25/2019 11:18:46 PM
 
Log
Level loaded: Robotic Arm Landing Scene

Log
Event not found error: CartMoveRight

Log
Event not found error: ArmMoveDown

Log
Event not found error: Use

Log
Event not found error: CartMoveLeft

9/25/2019 11:28:02 PM
 
Log
Level loaded: Robotic Arm Landing Scene

9/25/2019 11:31:15 PM
 
Log
Level loaded: Robotic Arm Landing Scene

Log
Level loaded: Robotic Arm Build Scene

Warning
DontDestroyOnLoad only works for root GameObjects or components on root GameObjects.

Log
Spawnblock_square

9/25/2019 11:32:11 PM
 
Log
Level loaded: Robotic Arm Landing Scene

Log
Level loaded: Robotic Arm Build Scene

Warning
DontDestroyOnLoad only works for root GameObjects or components on root GameObjects.

Log
Spawnblock_square

9/25/2019 11:34:17 PM
 
Log
Level loaded: Robotic Arm Landing Scene

9/25/2019 11:34:33 PM
 
Log
Level loaded: Robotic Arm Landing Scene

9/25/2019 11:35:53 PM
 
Log
Level loaded: Robotic Arm Landing Scene

Log
Level loaded: Robotic Arm Build Scene

Warning
DontDestroyOnLoad only works for root GameObjects or components on root GameObjects.

Log
Spawnblock_square

9/25/2019 11:36:30 PM
 
Log
Level loaded: Robotic Arm Landing Scene

Log
Level loaded: Robotic Arm Build Scene

Warning
DontDestroyOnLoad only works for root GameObjects or components on root GameObjects.

Log
Spawnblock_square

9/25/2019 11:37:02 PM
 
Log
Level loaded: Robotic Arm Landing Scene

Log
Level loaded: Robotic Arm Build Scene

Warning
DontDestroyOnLoad only works for root GameObjects or components on root GameObjects.

Log
Spawnblock_square

9/25/2019 11:37:27 PM
 
Log
Level loaded: Robotic Arm Landing Scene

Log
Level loaded: Robotic Arm Build Scene

Warning
DontDestroyOnLoad only works for root GameObjects or components on root GameObjects.

Log
Spawnblock_square

9/25/2019 11:38:19 PM
 
Log
Level loaded: Robotic Arm Landing Scene

Log
Level loaded: Robotic Arm Build Scene

Warning
DontDestroyOnLoad only works for root GameObjects or components on root GameObjects.

Log
Spawnblock_square

9/25/2019 11:38:50 PM
 
Log
Level loaded: Robotic Arm Landing Scene

Log
Level loaded: Robotic Arm Build Scene

Warning
DontDestroyOnLoad only works for root GameObjects or components on root GameObjects.

Log
Spawnblock_square

9/25/2019 11:40:09 PM
 
Log
Level loaded: Robotic Arm Landing Scene

Log
Level loaded: Robotic Arm Build Scene

Warning
DontDestroyOnLoad only works for root GameObjects or components on root GameObjects.

Log
Spawnblock_square

9/25/2019 11:40:21 PM
 
Log
Level loaded: Robotic Arm Landing Scene

9/25/2019 11:41:21 PM
 
Log
Level loaded: Robotic Arm Landing Scene

9/25/2019 11:43:53 PM
 
Log
Level loaded: Robotic Arm Landing Scene

9/25/2019 11:44:12 PM
 
Log
Level loaded: Robotic Arm Landing Scene

9/25/2019 11:44:24 PM
 
Log
Level loaded: Robotic Arm Landing Scene

9/26/2019 12:00:24 AM
 
Log
Level loaded: Robotic Arm Landing Scene

9/26/2019 12:01:35 AM
 
Log
Level loaded: Robotic Arm Landing Scene

Log
Event not found error: CartMoveRight

Log
Event not found error: ArmMoveDown

9/26/2019 12:04:16 AM
 
Log
Level loaded: Robotic Arm Landing Scene

Log
Event not found error: Use

Log
Event not found error: Use

9/26/2019 12:05:10 AM
 
Log
Level loaded: Robotic Arm Landing Scene

Log
Event not found error: ArmMoveRight

Log
Event not found error: CartMoveRight

Log
Event not found error: ArmMoveUp

Log
Event not found error: CartMoveLeft

Log
Event not found error: CartMoveLeft

Log
Event not found error: Use

Log
Event not found error: Use

Log
Event not found error: ArmMoveLeft

Log
Event not found error: ArmMoveUp

9/26/2019 12:05:51 AM
 
Log
Level loaded: Robotic Arm Landing Scene

Log
Event not found error: ArmMoveLeft

Log
Event not found error: ArmMoveUp

Log
Event not found error: ArmMoveRight

Log
Event not found error: Use

Log
Event not found error: CartMoveRight

Log
Event not found error: CartMoveLeft

Log
Event not found error: ArmMoveDown

Log
Event not found error: ArmMoveUp

Log
Event not found error: CartMoveLeft

Log
Event not found error: CartMoveLeft

Log
Event not found error: CartMoveLeft

Log
Event not found error: CartMoveLeft

Log
Event not found error: ArmMoveDown

Log
Event not found error: ArmMoveLeft

Log
Event not found error: ArmMoveUp

Log
Event not found error: CartMoveRight

Log
Event not found error: ArmMoveDown

Log
Event not found error: ArmMoveUp

Log
Event not found error: ArmMoveDown

Log
Event not found error: CartMoveLeft

Log
Event not found error: ArmMoveDown

Log
Event not found error: ArmMoveUp

Log
Event not found error: ArmMoveUp

Log
Event not found error: CartMoveRight

Log
Event not found error: ArmMoveDown

Log
Event not found error: ArmMoveDown

Log
Event not found error: ArmMoveUp

Log
Event not found error: CartMoveRight

Log
Event not found error: Use

Log
Event not found error: CartMoveRight

Log
Event not found error: ArmMoveDown

Log
Event not found error: ArmMoveLeft

Log
Event not found error: ArmMoveRight

Log
Event not found error: CartMoveLeft

Log
Event not found error: ArmMoveUp

Log
Event not found error: ArmMoveUp

Log
Event not found error: CartMoveRight

Log
Event not found error: ArmMoveLeft

Log
Event not found error: ArmMoveDown

Log
Event not found error: ArmMoveUp

Log
Event not found error: Use

Log
Event not found error: Use

Log
Event not found error: ArmMoveUp

Log
Event not found error: ArmMoveRight

Log
Event not found error: ArmMoveRight

Log
Event not found error: ArmMoveUp

Log
Event not found error: Use

Log
Event not found error: ArmMoveDown

Log
Event not found error: Use

Log
Event not found error: ArmMoveUp

Log
Event not found error: ArmMoveLeft

Log
Event not found error: ArmMoveRight

Log
Event not found error: CartMoveRight

Log
Event not found error: ArmMoveUp

Log
Event not found error: CartMoveRight

Log
Event not found error: ArmMoveDown

Log
Event not found error: ArmMoveUp

Log
Event not found error: Use

Log
Event not found error: Use

Log
Event not found error: ArmMoveLeft

Log
Event not found error: ArmMoveUp

Log
Event not found error: ArmMoveDown

Log
Event not found error: CartMoveLeft

Log
Event not found error: ArmMoveUp

Log
Event not found error: ArmMoveDown

Log
Event not found error: ArmMoveUp

Log
Event not found error: Use

Log
Event not found error: ArmMoveUp

Log
Event not found error: CartMoveLeft

Log
Event not found error: ArmMoveDown

Log
Level loaded: Robotic Arm Build Scene

Warning
DontDestroyOnLoad only works for root GameObjects or components on root GameObjects.

Log
Spawnblock_square

9/26/2019 12:06:25 AM
 
Log
Level loaded: Robotic Arm Landing Scene

Log
Event not found error: ArmMoveRight

Log
Event not found error: ArmMoveUp

Log
Event not found error: Use

Log
Event not found error: ArmMoveRight

Log
Event not found error: CartMoveLeft

Log
Event not found error: ArmMoveRight

Log
Event not found error: ArmMoveRight

Log
Event not found error: ArmMoveLeft

Log
Event not found error: ArmMoveDown

Log
Event not found error: ArmMoveDown

Log
Event not found error: CartMoveRight

Log
Event not found error: ArmMoveDown

Log
Event not found error: ArmMoveRight

Log
Event not found error: Use

Log
Event not found error: Use

Log
Event not found error: CartMoveLeft

Log
Event not found error: ArmMoveRight

Log
Event not found error: CartMoveRight

Log
Event not found error: Use

Log
Event not found error: ArmMoveLeft

Log
Event not found error: CartMoveLeft

Log
Event not found error: ArmMoveRight

Log
Event not found error: ArmMoveRight

Log
Event not found error: ArmMoveDown

Log
Event not found error: CartMoveLeft

Log
Event not found error: CartMoveRight

Log
Event not found error: ArmMoveLeft

Log
Event not found error: Use

Log
Event not found error: ArmMoveRight

Log
Event not found error: CartMoveLeft

Log
Event not found error: ArmMoveUp

Log
Event not found error: CartMoveRight

Log
Event not found error: ArmMoveDown

Log
Event not found error: ArmMoveDown

Log
Event not found error: ArmMoveLeft

Log
Event not found error: Use

Log
Event not found error: Use

Log
Event not found error: CartMoveRight

Log
Event not found error: CartMoveRight

Log
Event not found error: CartMoveRight

Log
Event not found error: ArmMoveDown

Log
Event not found error: Use

Log
Event not found error: ArmMoveRight

Log
Event not found error: ArmMoveRight

Log
Event not found error: ArmMoveRight

Log
Event not found error: Use

Log
Event not found error: CartMoveLeft

Log
Event not found error: ArmMoveLeft

Log
Event not found error: Use

Log
Event not found error: Use

Log
Event not found error: Use

Log
Event not found error: ArmMoveDown

Log
Event not found error: CartMoveRight

Log
Event not found error: ArmMoveRight

Log
Event not found error: CartMoveRight

Log
Event not found error: Use

Log
Event not found error: CartMoveRight

Log
Event not found error: ArmMoveRight

Log
Event not found error: ArmMoveRight

Log
Event not found error: CartMoveLeft

Log
Event not found error: ArmMoveDown

Log
Event not found error: CartMoveLeft

Log
Event not found error: Use

Log
Event not found error: Use

Log
Event not found error: ArmMoveRight

Log
Event not found error: CartMoveLeft

Log
Event not found error: CartMoveRight

Log
Event not found error: ArmMoveUp

Log
Event not found error: Use

Log
Event not found error: CartMoveLeft

Log
Event not found error: ArmMoveRight

Log
Event not found error: ArmMoveDown

Log
Event not found error: ArmMoveRight

Log
Level loaded: Robotic Arm Build Scene

Warning
DontDestroyOnLoad only works for root GameObjects or components on root GameObjects.

Log
Spawnblock_square

Exception
NullReferenceException: Object reference not set to an instance of an object
RobotArmAgent.CollectObservations () (at <c0e2b2d1d54e455d94c61deb303212d7>:0)
MLAgents.Agent.SendInfoToBrain () (at <c0e2b2d1d54e455d94c61deb303212d7>:0)
MLAgents.Agent.SendInfo () (at <c0e2b2d1d54e455d94c61deb303212d7>:0)
MLAgents.Academy.EnvironmentStep () (at <c0e2b2d1d54e455d94c61deb303212d7>:0)
MLAgents.Academy.FixedUpdate () (at <c0e2b2d1d54e455d94c61deb303212d7>:0)

Exception
NullReferenceException: Object reference not set to an instance of an object
RobotArmAgent.CollectObservations () (at <c0e2b2d1d54e455d94c61deb303212d7>:0)
MLAgents.Agent.SendInfoToBrain () (at <c0e2b2d1d54e455d94c61deb303212d7>:0)
MLAgents.Agent.SendInfo () (at <c0e2b2d1d54e455d94c61deb303212d7>:0)
MLAgents.Academy.EnvironmentStep () (at <c0e2b2d1d54e455d94c61deb303212d7>:0)
MLAgents.Academy.FixedUpdate () (at <c0e2b2d1d54e455d94c61deb303212d7>:0)

Exception
NullReferenceException: Object reference not set to an instance of an object
RobotArmAgent.CollectObservations () (at <c0e2b2d1d54e455d94c61deb303212d7>:0)
MLAgents.Agent.SendInfoToBrain () (at <c0e2b2d1d54e455d94c61deb303212d7>:0)
MLAgents.Agent.SendInfo () (at <c0e2b2d1d54e455d94c61deb303212d7>:0)
MLAgents.Academy.EnvironmentStep () (at <c0e2b2d1d54e455d94c61deb303212d7>:0)
MLAgents.Academy.FixedUpdate () (at <c0e2b2d1d54e455d94c61deb303212d7>:0)

Exception
NullReferenceException: Object reference not set to an instance of an object
RobotArmAgent.CollectObservations () (at <c0e2b2d1d54e455d94c61deb303212d7>:0)
MLAgents.Agent.SendInfoToBrain () (at <c0e2b2d1d54e455d94c61deb303212d7>:0)
MLAgents.Agent.SendInfo () (at <c0e2b2d1d54e455d94c61deb303212d7>:0)
MLAgents.Academy.EnvironmentStep () (at <c0e2b2d1d54e455d94c61deb303212d7>:0)
MLAgents.Academy.FixedUpdate () (at <c0e2b2d1d54e455d94c61deb303212d7>:0)

Exception
NullReferenceException: Object reference not set to an instance of an object
RobotArmAgent.CollectObservations () (at <c0e2b2d1d54e455d94c61deb303212d7>:0)
MLAgents.Agent.SendInfoToBrain () (at <c0e2b2d1d54e455d94c61deb303212d7>:0)
MLAgents.Agent.SendInfo () (at <c0e2b2d1d54e455d94c61deb303212d7>:0)
MLAgents.Academy.EnvironmentStep () (at <c0e2b2d1d54e455d94c61deb303212d7>:0)
MLAgents.Academy.FixedUpdate () (at <c0e2b2d1d54e455d94c61deb303212d7>:0)

Exception
NullReferenceException: Object reference not set to an instance of an object
RobotArmAgent.CollectObservations () (at <c0e2b2d1d54e455d94c61deb303212d7>:0)
MLAgents.Agent.SendInfoToBrain () (at <c0e2b2d1d54e455d94c61deb303212d7>:0)
MLAgents.Agent.SendInfo () (at <c0e2b2d1d54e455d94c61deb303212d7>:0)
MLAgents.Academy.EnvironmentStep () (at <c0e2b2d1d54e455d94c61deb303212d7>:0)
MLAgents.Academy.FixedUpdate () (at <c0e2b2d1d54e455d94c61deb303212d7>:0)

Exception
NullReferenceException: Object reference not set to an instance of an object
RobotArmAgent.CollectObservations () (at <c0e2b2d1d54e455d94c61deb303212d7>:0)
MLAgents.Agent.SendInfoToBrain () (at <c0e2b2d1d54e455d94c61deb303212d7>:0)
MLAgents.Agent.SendInfo () (at <c0e2b2d1d54e455d94c61deb303212d7>:0)
MLAgents.Academy.EnvironmentStep () (at <c0e2b2d1d54e455d94c61deb303212d7>:0)
MLAgents.Academy.FixedUpdate () (at <c0e2b2d1d54e455d94c61deb303212d7>:0)

Exception
NullReferenceException: Object reference not set to an instance of an object
RobotArmAgent.CollectObservations () (at <c0e2b2d1d54e455d94c61deb303212d7>:0)
MLAgents.Agent.SendInfoToBrain () (at <c0e2b2d1d54e455d94c61deb303212d7>:0)
MLAgents.Agent.SendInfo () (at <c0e2b2d1d54e455d94c61deb303212d7>:0)
MLAgents.Academy.EnvironmentStep () (at <c0e2b2d1d54e455d94c61deb303212d7>:0)
MLAgents.Academy.FixedUpdate () (at <c0e2b2d1d54e455d94c61deb303212d7>:0)

Exception
NullReferenceException: Object reference not set to an instance of an object
RobotArmAgent.CollectObservations () (at <c0e2b2d1d54e455d94c61deb303212d7>:0)
MLAgents.Agent.SendInfoToBrain () (at <c0e2b2d1d54e455d94c61deb303212d7>:0)
MLAgents.Agent.SendInfo () (at <c0e2b2d1d54e455d94c61deb303212d7>:0)
MLAgents.Academy.EnvironmentStep () (at <c0e2b2d1d54e455d94c61deb303212d7>:0)
MLAgents.Academy.FixedUpdate () (at <c0e2b2d1d54e455d94c61deb303212d7>:0)

Exception
NullReferenceException: Object reference not set to an instance of an object
RobotArmAgent.CollectObservations () (at <c0e2b2d1d54e455d94c61deb303212d7>:0)
MLAgents.Agent.SendInfoToBrain () (at <c0e2b2d1d54e455d94c61deb303212d7>:0)
MLAgents.Agent.SendInfo () (at <c0e2b2d1d54e455d94c61deb303212d7>:0)
MLAgents.Academy.EnvironmentStep () (at <c0e2b2d1d54e455d94c61deb303212d7>:0)
MLAgents.Academy.FixedUpdate () (at <c0e2b2d1d54e455d94c61deb303212d7>:0)

Exception
NullReferenceException: Object reference not set to an instance of an object
RobotArmAgent.CollectObservations () (at <c0e2b2d1d54e455d94c61deb303212d7>:0)
MLAgents.Agent.SendInfoToBrain () (at <c0e2b2d1d54e455d94c61deb303212d7>:0)
MLAgents.Agent.SendInfo () (at <c0e2b2d1d54e455d94c61deb303212d7>:0)
MLAgents.Academy.EnvironmentStep () (at <c0e2b2d1d54e455d94c61deb303212d7>:0)
MLAgents.Academy.FixedUpdate () (at <c0e2b2d1d54e455d94c61deb303212d7>:0)

Exception
NullReferenceException: Object reference not set to an instance of an object
RobotArmAgent.CollectObservations () (at <c0e2b2d1d54e455d94c61deb303212d7>:0)
MLAgents.Agent.SendInfoToBrain () (at <c0e2b2d1d54e455d94c61deb303212d7>:0)
MLAgents.Agent.SendInfo () (at <c0e2b2d1d54e455d94c61deb303212d7>:0)
MLAgents.Academy.EnvironmentStep () (at <c0e2b2d1d54e455d94c61deb303212d7>:0)
MLAgents.Academy.FixedUpdate () (at <c0e2b2d1d54e455d94c61deb303212d7>:0)

Exception
NullReferenceException: Object reference not set to an instance of an object
RobotArmAgent.CollectObservations () (at <c0e2b2d1d54e455d94c61deb303212d7>:0)
MLAgents.Agent.SendInfoToBrain () (at <c0e2b2d1d54e455d94c61deb303212d7>:0)
MLAgents.Agent.SendInfo () (at <c0e2b2d1d54e455d94c61deb303212d7>:0)
MLAgents.Academy.EnvironmentStep () (at <c0e2b2d1d54e455d94c61deb303212d7>:0)
MLAgents.Academy.FixedUpdate () (at <c0e2b2d1d54e455d94c61deb303212d7>:0)

Exception
NullReferenceException: Object reference not set to an instance of an object
RobotArmAgent.CollectObservations () (at <c0e2b2d1d54e455d94c61deb303212d7>:0)
MLAgents.Agent.SendInfoToBrain () (at <c0e2b2d1d54e455d94c61deb303212d7>:0)
MLAgents.Agent.SendInfo () (at <c0e2b2d1d54e455d94c61deb303212d7>:0)
MLAgents.Academy.EnvironmentStep () (at <c0e2b2d1d54e455d94c61deb303212d7>:0)
MLAgents.Academy.FixedUpdate () (at <c0e2b2d1d54e455d94c61deb303212d7>:0)

Exception
NullReferenceException: Object reference not set to an instance of an object
RobotArmAgent.CollectObservations () (at <c0e2b2d1d54e455d94c61deb303212d7>:0)
MLAgents.Agent.SendInfoToBrain () (at <c0e2b2d1d54e455d94c61deb303212d7>:0)
MLAgents.Agent.SendInfo () (at <c0e2b2d1d54e455d94c61deb303212d7>:0)
MLAgents.Academy.EnvironmentStep () (at <c0e2b2d1d54e455d94c61deb303212d7>:0)
MLAgents.Academy.FixedUpdate () (at <c0e2b2d1d54e455d94c61deb303212d7>:0)

Exception
NullReferenceException: Object reference not set to an instance of an object
RobotArmAgent.CollectObservations () (at <c0e2b2d1d54e455d94c61deb303212d7>:0)
MLAgents.Agent.SendInfoToBrain () (at <c0e2b2d1d54e455d94c61deb303212d7>:0)
MLAgents.Agent.SendInfo () (at <c0e2b2d1d54e455d94c61deb303212d7>:0)
MLAgents.Academy.EnvironmentStep () (at <c0e2b2d1d54e455d94c61deb303212d7>:0)
MLAgents.Academy.FixedUpdate () (at <c0e2b2d1d54e455d94c61deb303212d7>:0)

Exception
NullReferenceException: Object reference not set to an instance of an object
RobotArmAgent.CollectObservations () (at <c0e2b2d1d54e455d94c61deb303212d7>:0)
MLAgents.Agent.SendInfoToBrain () (at <c0e2b2d1d54e455d94c61deb303212d7>:0)
MLAgents.Agent.SendInfo () (at <c0e2b2d1d54e455d94c61deb303212d7>:0)
MLAgents.Academy.EnvironmentStep () (at <c0e2b2d1d54e455d94c61deb303212d7>:0)
MLAgents.Academy.FixedUpdate () (at <c0e2b2d1d54e455d94c61deb303212d7>:0)

Exception
NullReferenceException: Object reference not set to an instance of an object
RobotArmAgent.CollectObservations () (at <c0e2b2d1d54e455d94c61deb303212d7>:0)
MLAgents.Agent.SendInfoToBrain () (at <c0e2b2d1d54e455d94c61deb303212d7>:0)
MLAgents.Agent.SendInfo () (at <c0e2b2d1d54e455d94c61deb303212d7>:0)
MLAgents.Academy.EnvironmentStep () (at <c0e2b2d1d54e455d94c61deb303212d7>:0)
MLAgents.Academy.FixedUpdate () (at <c0e2b2d1d54e455d94c61deb303212d7>:0)

Exception
NullReferenceException: Object reference not set to an instance of an object
RobotArmAgent.CollectObservations () (at <c0e2b2d1d54e455d94c61deb303212d7>:0)
MLAgents.Agent.SendInfoToBrain () (at <c0e2b2d1d54e455d94c61deb303212d7>:0)
MLAgents.Agent.SendInfo () (at <c0e2b2d1d54e455d94c61deb303212d7>:0)
MLAgents.Academy.EnvironmentStep () (at <c0e2b2d1d54e455d94c61deb303212d7>:0)
MLAgents.Academy.FixedUpdate () (at <c0e2b2d1d54e455d94c61deb303212d7>:0)

Exception
NullReferenceException: Object reference not set to an instance of an object
RobotArmAgent.CollectObservations () (at <c0e2b2d1d54e455d94c61deb303212d7>:0)
MLAgents.Agent.SendInfoToBrain () (at <c0e2b2d1d54e455d94c61deb303212d7>:0)
MLAgents.Agent.SendInfo () (at <c0e2b2d1d54e455d94c61deb303212d7>:0)
MLAgents.Academy.EnvironmentStep () (at <c0e2b2d1d54e455d94c61deb303212d7>:0)
MLAgents.Academy.FixedUpdate () (at <c0e2b2d1d54e455d94c61deb303212d7>:0)

Exception
NullReferenceException: Object reference not set to an instance of an object
RobotArmAgent.CollectObservations () (at <c0e2b2d1d54e455d94c61deb303212d7>:0)
MLAgents.Agent.SendInfoToBrain () (at <c0e2b2d1d54e455d94c61deb303212d7>:0)
MLAgents.Agent.SendInfo () (at <c0e2b2d1d54e455d94c61deb303212d7>:0)
MLAgents.Academy.EnvironmentStep () (at <c0e2b2d1d54e455d94c61deb303212d7>:0)
MLAgents.Academy.FixedUpdate () (at <c0e2b2d1d54e455d94c61deb303212d7>:0)

Exception
NullReferenceException: Object reference not set to an instance of an object
RobotArmAgent.CollectObservations () (at <c0e2b2d1d54e455d94c61deb303212d7>:0)
MLAgents.Agent.SendInfoToBrain () (at <c0e2b2d1d54e455d94c61deb303212d7>:0)
MLAgents.Agent.SendInfo () (at <c0e2b2d1d54e455d94c61deb303212d7>:0)
MLAgents.Academy.EnvironmentStep () (at <c0e2b2d1d54e455d94c61deb303212d7>:0)
MLAgents.Academy.FixedUpdate () (at <c0e2b2d1d54e455d94c61deb303212d7>:0)

Exception
NullReferenceException: Object reference not set to an instance of an object
RobotArmAgent.CollectObservations () (at <c0e2b2d1d54e455d94c61deb303212d7>:0)
MLAgents.Agent.SendInfoToBrain () (at <c0e2b2d1d54e455d94c61deb303212d7>:0)
MLAgents.Agent.SendInfo () (at <c0e2b2d1d54e455d94c61deb303212d7>:0)
MLAgents.Academy.EnvironmentStep () (at <c0e2b2d1d54e455d94c61deb303212d7>:0)
MLAgents.Academy.FixedUpdate () (at <c0e2b2d1d54e455d94c61deb303212d7>:0)

Exception
NullReferenceException: Object reference not set to an instance of an object
RobotArmAgent.CollectObservations () (at <c0e2b2d1d54e455d94c61deb303212d7>:0)
MLAgents.Agent.SendInfoToBrain () (at <c0e2b2d1d54e455d94c61deb303212d7>:0)
MLAgents.Agent.SendInfo () (at <c0e2b2d1d54e455d94c61deb303212d7>:0)
MLAgents.Academy.EnvironmentStep () (at <c0e2b2d1d54e455d94c61deb303212d7>:0)
MLAgents.Academy.FixedUpdate () (at <c0e2b2d1d54e455d94c61deb303212d7>:0)

Exception
NullReferenceException: Object reference not set to an instance of an object
RobotArmAgent.CollectObservations () (at <c0e2b2d1d54e455d94c61deb303212d7>:0)
MLAgents.Agent.SendInfoToBrain () (at <c0e2b2d1d54e455d94c61deb303212d7>:0)
MLAgents.Agent.SendInfo () (at <c0e2b2d1d54e455d94c61deb303212d7>:0)
MLAgents.Academy.EnvironmentStep () (at <c0e2b2d1d54e455d94c61deb303212d7>:0)
MLAgents.Academy.FixedUpdate () (at <c0e2b2d1d54e455d94c61deb303212d7>:0)

Exception
NullReferenceException: Object reference not set to an instance of an object
RobotArmAgent.CollectObservations () (at <c0e2b2d1d54e455d94c61deb303212d7>:0)
MLAgents.Agent.SendInfoToBrain () (at <c0e2b2d1d54e455d94c61deb303212d7>:0)
MLAgents.Agent.SendInfo () (at <c0e2b2d1d54e455d94c61deb303212d7>:0)
MLAgents.Academy.EnvironmentStep () (at <c0e2b2d1d54e455d94c61deb303212d7>:0)
MLAgents.Academy.FixedUpdate () (at <c0e2b2d1d54e455d94c61deb303212d7>:0)

Exception
NullReferenceException: Object reference not set to an instance of an object
RobotArmAgent.CollectObservations () (at <c0e2b2d1d54e455d94c61deb303212d7>:0)
MLAgents.Agent.SendInfoToBrain () (at <c0e2b2d1d54e455d94c61deb303212d7>:0)
MLAgents.Agent.SendInfo () (at <c0e2b2d1d54e455d94c61deb303212d7>:0)
MLAgents.Academy.EnvironmentStep () (at <c0e2b2d1d54e455d94c61deb303212d7>:0)
MLAgents.Academy.FixedUpdate () (at <c0e2b2d1d54e455d94c61deb303212d7>:0)

Exception
NullReferenceException: Object reference not set to an instance of an object
RobotArmAgent.CollectObservations () (at <c0e2b2d1d54e455d94c61deb303212d7>:0)
MLAgents.Agent.SendInfoToBrain () (at <c0e2b2d1d54e455d94c61deb303212d7>:0)
MLAgents.Agent.SendInfo () (at <c0e2b2d1d54e455d94c61deb303212d7>:0)
MLAgents.Academy.EnvironmentStep () (at <c0e2b2d1d54e455d94c61deb303212d7>:0)
MLAgents.Academy.FixedUpdate () (at <c0e2b2d1d54e455d94c61deb303212d7>:0)

Exception
NullReferenceException: Object reference not set to an instance of an object
RobotArmAgent.CollectObservations () (at <c0e2b2d1d54e455d94c61deb303212d7>:0)
MLAgents.Agent.SendInfoToBrain () (at <c0e2b2d1d54e455d94c61deb303212d7>:0)
MLAgents.Agent.SendInfo () (at <c0e2b2d1d54e455d94c61deb303212d7>:0)
MLAgents.Academy.EnvironmentStep () (at <c0e2b2d1d54e455d94c61deb303212d7>:0)
MLAgents.Academy.FixedUpdate () (at <c0e2b2d1d54e455d94c61deb303212d7>:0)

Exception
NullReferenceException: Object reference not set to an instance of an object
RobotArmAgent.CollectObservations () (at <c0e2b2d1d54e455d94c61deb303212d7>:0)
MLAgents.Agent.SendInfoToBrain () (at <c0e2b2d1d54e455d94c61deb303212d7>:0)
MLAgents.Agent.SendInfo () (at <c0e2b2d1d54e455d94c61deb303212d7>:0)
MLAgents.Academy.EnvironmentStep () (at <c0e2b2d1d54e455d94c61deb303212d7>:0)
MLAgents.Academy.FixedUpdate () (at <c0e2b2d1d54e455d94c61deb303212d7>:0)

Exception
NullReferenceException: Object reference not set to an instance of an object
RobotArmAgent.CollectObservations () (at <c0e2b2d1d54e455d94c61deb303212d7>:0)
MLAgents.Agent.SendInfoToBrain () (at <c0e2b2d1d54e455d94c61deb303212d7>:0)
MLAgents.Agent.SendInfo () (at <c0e2b2d1d54e455d94c61deb303212d7>:0)
MLAgents.Academy.EnvironmentStep () (at <c0e2b2d1d54e455d94c61deb303212d7>:0)
MLAgents.Academy.FixedUpdate () (at <c0e2b2d1d54e455d94c61deb303212d7>:0)

Exception
NullReferenceException: Object reference not set to an instance of an object
RobotArmAgent.CollectObservations () (at <c0e2b2d1d54e455d94c61deb303212d7>:0)
MLAgents.Agent.SendInfoToBrain () (at <c0e2b2d1d54e455d94c61deb303212d7>:0)
MLAgents.Agent.SendInfo () (at <c0e2b2d1d54e455d94c61deb303212d7>:0)
MLAgents.Academy.EnvironmentStep () (at <c0e2b2d1d54e455d94c61deb303212d7>:0)
MLAgents.Academy.FixedUpdate () (at <c0e2b2d1d54e455d94c61deb303212d7>:0)

Exception
NullReferenceException: Object reference not set to an instance of an object
RobotArmAgent.CollectObservations () (at <c0e2b2d1d54e455d94c61deb303212d7>:0)
MLAgents.Agent.SendInfoToBrain () (at <c0e2b2d1d54e455d94c61deb303212d7>:0)
MLAgents.Agent.SendInfo () (at <c0e2b2d1d54e455d94c61deb303212d7>:0)
MLAgents.Academy.EnvironmentStep () (at <c0e2b2d1d54e455d94c61deb303212d7>:0)
MLAgents.Academy.FixedUpdate () (at <c0e2b2d1d54e455d94c61deb303212d7>:0)

Exception
NullReferenceException: Object reference not set to an instance of an object
RobotArmAgent.CollectObservations () (at <c0e2b2d1d54e455d94c61deb303212d7>:0)
MLAgents.Agent.SendInfoToBrain () (at <c0e2b2d1d54e455d94c61deb303212d7>:0)
MLAgents.Agent.SendInfo () (at <c0e2b2d1d54e455d94c61deb303212d7>:0)
MLAgents.Academy.EnvironmentStep () (at <c0e2b2d1d54e455d94c61deb303212d7>:0)
MLAgents.Academy.FixedUpdate () (at <c0e2b2d1d54e455d94c61deb303212d7>:0)

Exception
NullReferenceException: Object reference not set to an instance of an object
RobotArmAgent.CollectObservations () (at <c0e2b2d1d54e455d94c61deb303212d7>:0)
MLAgents.Agent.SendInfoToBrain () (at <c0e2b2d1d54e455d94c61deb303212d7>:0)
MLAgents.Agent.SendInfo () (at <c0e2b2d1d54e455d94c61deb303212d7>:0)
MLAgents.Academy.EnvironmentStep () (at <c0e2b2d1d54e455d94c61deb303212d7>:0)
MLAgents.Academy.FixedUpdate () (at <c0e2b2d1d54e455d94c61deb303212d7>:0)

Exception
NullReferenceException: Object reference not set to an instance of an object
RobotArmAgent.CollectObservations () (at <c0e2b2d1d54e455d94c61deb303212d7>:0)
MLAgents.Agent.SendInfoToBrain () (at <c0e2b2d1d54e455d94c61deb303212d7>:0)
MLAgents.Agent.SendInfo () (at <c0e2b2d1d54e455d94c61deb303212d7>:0)
MLAgents.Academy.EnvironmentStep () (at <c0e2b2d1d54e455d94c61deb303212d7>:0)
MLAgents.Academy.FixedUpdate () (at <c0e2b2d1d54e455d94c61deb303212d7>:0)

Exception
NullReferenceException: Object reference not set to an instance of an object
RobotArmAgent.CollectObservations () (at <c0e2b2d1d54e455d94c61deb303212d7>:0)
MLAgents.Agent.SendInfoToBrain () (at <c0e2b2d1d54e455d94c61deb303212d7>:0)
MLAgents.Agent.SendInfo () (at <c0e2b2d1d54e455d94c61deb303212d7>:0)
MLAgents.Academy.EnvironmentStep () (at <c0e2b2d1d54e455d94c61deb303212d7>:0)
MLAgents.Academy.FixedUpdate () (at <c0e2b2d1d54e455d94c61deb303212d7>:0)

9/26/2019 12:17:03 AM
 
Log
Level loaded: Robotic Arm Landing Scene

Log
Event not found error: Use

Log
Event not found error: ArmMoveDown

Log
Event not found error: ArmMoveUp

Log
Event not found error: CartMoveRight

Log
Event not found error: ArmMoveUp

Log
Event not found error: Use

Log
Event not found error: ArmMoveUp

Log
Event not found error: CartMoveLeft

Log
Event not found error: ArmMoveDown

Log
Event not found error: CartMoveLeft

Log
Event not found error: ArmMoveRight

Log
Event not found error: ArmMoveDown

Log
Event not found error: ArmMoveLeft

Log
Event not found error: ArmMoveUp

Log
Event not found error: ArmMoveDown

Log
Event not found error: ArmMoveUp

Log
Event not found error: ArmMoveUp

Log
Event not found error: ArmMoveDown

Log
Event not found error: CartMoveLeft

Log
Event not found error: ArmMoveUp

Log
Event not found error: CartMoveRight

Log
Event not found error: ArmMoveLeft

Log
Event not found error: CartMoveRight

Log
Event not found error: CartMoveLeft

Log
Event not found error: ArmMoveUp

Log
Event not found error: Use

Log
Event not found error: Use

Log
Event not found error: ArmMoveUp

Log
Event not found error: ArmMoveUp

Log
Event not found error: CartMoveRight

Log
Event not found error: ArmMoveRight

Log
Event not found error: Use

Log
Event not found error: CartMoveRight

Log
Event not found error: ArmMoveRight

Log
Event not found error: ArmMoveRight

Log
Event not found error: CartMoveRight

Log
Event not found error: ArmMoveUp

Log
Event not found error: Use

Log
Event not found error: ArmMoveUp

Log
Event not found error: Use

Log
Event not found error: ArmMoveUp

Log
Event not found error: ArmMoveDown

Log
Event not found error: ArmMoveLeft

Log
Event not found error: ArmMoveUp

Log
Event not found error: ArmMoveDown

Log
Event not found error: ArmMoveUp

Log
Event not found error: CartMoveLeft

Log
Event not found error: ArmMoveUp

Log
Event not found error: ArmMoveLeft

Log
Event not found error: CartMoveRight

Log
Event not found error: ArmMoveRight

Log
Event not found error: ArmMoveUp

Log
Event not found error: ArmMoveRight

Log
Event not found error: CartMoveRight

Log
Event not found error: CartMoveLeft

Log
Event not found error: Use

Log
Event not found error: CartMoveLeft

Log
Event not found error: ArmMoveUp

Log
Event not found error: ArmMoveUp

Log
Event not found error: CartMoveRight

Log
Event not found error: ArmMoveLeft

Log
Event not found error: CartMoveRight

Log
Event not found error: ArmMoveLeft

Log
Event not found error: CartMoveLeft

Log
Event not found error: ArmMoveDown

Log
Event not found error: ArmMoveLeft

Log
Event not found error: ArmMoveLeft

Log
Event not found error: ArmMoveRight

Log
Event not found error: CartMoveLeft

Log
Event not found error: ArmMoveLeft

Log
Event not found error: CartMoveRight

Log
Event not found error: Use

Log
Level loaded: Robotic Arm Build Scene

Warning
DontDestroyOnLoad only works for root GameObjects or components on root GameObjects.

Log
Spawnblock_square

Exception
NullReferenceException: Object reference not set to an instance of an object
RobotArmAgent.CollectObservations () (at <c0e2b2d1d54e455d94c61deb303212d7>:0)
MLAgents.Agent.SendInfoToBrain () (at <c0e2b2d1d54e455d94c61deb303212d7>:0)
MLAgents.Agent.SendInfo () (at <c0e2b2d1d54e455d94c61deb303212d7>:0)
MLAgents.Academy.EnvironmentStep () (at <c0e2b2d1d54e455d94c61deb303212d7>:0)
MLAgents.Academy.FixedUpdate () (at <c0e2b2d1d54e455d94c61deb303212d7>:0)

Exception
NullReferenceException: Object reference not set to an instance of an object
RobotArmAgent.CollectObservations () (at <c0e2b2d1d54e455d94c61deb303212d7>:0)
MLAgents.Agent.SendInfoToBrain () (at <c0e2b2d1d54e455d94c61deb303212d7>:0)
MLAgents.Agent.SendInfo () (at <c0e2b2d1d54e455d94c61deb303212d7>:0)
MLAgents.Academy.EnvironmentStep () (at <c0e2b2d1d54e455d94c61deb303212d7>:0)
MLAgents.Academy.FixedUpdate () (at <c0e2b2d1d54e455d94c61deb303212d7>:0)

Exception
NullReferenceException: Object reference not set to an instance of an object
RobotArmAgent.CollectObservations () (at <c0e2b2d1d54e455d94c61deb303212d7>:0)
MLAgents.Agent.SendInfoToBrain () (at <c0e2b2d1d54e455d94c61deb303212d7>:0)
MLAgents.Agent.SendInfo () (at <c0e2b2d1d54e455d94c61deb303212d7>:0)
MLAgents.Academy.EnvironmentStep () (at <c0e2b2d1d54e455d94c61deb303212d7>:0)
MLAgents.Academy.FixedUpdate () (at <c0e2b2d1d54e455d94c61deb303212d7>:0)

Exception
NullReferenceException: Object reference not set to an instance of an object
RobotArmAgent.CollectObservations () (at <c0e2b2d1d54e455d94c61deb303212d7>:0)
MLAgents.Agent.SendInfoToBrain () (at <c0e2b2d1d54e455d94c61deb303212d7>:0)
MLAgents.Agent.SendInfo () (at <c0e2b2d1d54e455d94c61deb303212d7>:0)
MLAgents.Academy.EnvironmentStep () (at <c0e2b2d1d54e455d94c61deb303212d7>:0)
MLAgents.Academy.FixedUpdate () (at <c0e2b2d1d54e455d94c61deb303212d7>:0)

Exception
NullReferenceException: Object reference not set to an instance of an object
RobotArmAgent.CollectObservations () (at <c0e2b2d1d54e455d94c61deb303212d7>:0)
MLAgents.Agent.SendInfoToBrain () (at <c0e2b2d1d54e455d94c61deb303212d7>:0)
MLAgents.Agent.SendInfo () (at <c0e2b2d1d54e455d94c61deb303212d7>:0)
MLAgents.Academy.EnvironmentStep () (at <c0e2b2d1d54e455d94c61deb303212d7>:0)
MLAgents.Academy.FixedUpdate () (at <c0e2b2d1d54e455d94c61deb303212d7>:0)

Exception
NullReferenceException: Object reference not set to an instance of an object
RobotArmAgent.CollectObservations () (at <c0e2b2d1d54e455d94c61deb303212d7>:0)
MLAgents.Agent.SendInfoToBrain () (at <c0e2b2d1d54e455d94c61deb303212d7>:0)
MLAgents.Agent.SendInfo () (at <c0e2b2d1d54e455d94c61deb303212d7>:0)
MLAgents.Academy.EnvironmentStep () (at <c0e2b2d1d54e455d94c61deb303212d7>:0)
MLAgents.Academy.FixedUpdate () (at <c0e2b2d1d54e455d94c61deb303212d7>:0)

Exception
NullReferenceException: Object reference not set to an instance of an object
RobotArmAgent.CollectObservations () (at <c0e2b2d1d54e455d94c61deb303212d7>:0)
MLAgents.Agent.SendInfoToBrain () (at <c0e2b2d1d54e455d94c61deb303212d7>:0)
MLAgents.Agent.SendInfo () (at <c0e2b2d1d54e455d94c61deb303212d7>:0)
MLAgents.Academy.EnvironmentStep () (at <c0e2b2d1d54e455d94c61deb303212d7>:0)
MLAgents.Academy.FixedUpdate () (at <c0e2b2d1d54e455d94c61deb303212d7>:0)

Exception
NullReferenceException: Object reference not set to an instance of an object
RobotArmAgent.CollectObservations () (at <c0e2b2d1d54e455d94c61deb303212d7>:0)
MLAgents.Agent.SendInfoToBrain () (at <c0e2b2d1d54e455d94c61deb303212d7>:0)
MLAgents.Agent.SendInfo () (at <c0e2b2d1d54e455d94c61deb303212d7>:0)
MLAgents.Academy.EnvironmentStep () (at <c0e2b2d1d54e455d94c61deb303212d7>:0)
MLAgents.Academy.FixedUpdate () (at <c0e2b2d1d54e455d94c61deb303212d7>:0)

Exception
NullReferenceException: Object reference not set to an instance of an object
RobotArmAgent.CollectObservations () (at <c0e2b2d1d54e455d94c61deb303212d7>:0)
MLAgents.Agent.SendInfoToBrain () (at <c0e2b2d1d54e455d94c61deb303212d7>:0)
MLAgents.Agent.SendInfo () (at <c0e2b2d1d54e455d94c61deb303212d7>:0)
MLAgents.Academy.EnvironmentStep () (at <c0e2b2d1d54e455d94c61deb303212d7>:0)
MLAgents.Academy.FixedUpdate () (at <c0e2b2d1d54e455d94c61deb303212d7>:0)

Exception
NullReferenceException: Object reference not set to an instance of an object
RobotArmAgent.CollectObservations () (at <c0e2b2d1d54e455d94c61deb303212d7>:0)
MLAgents.Agent.SendInfoToBrain () (at <c0e2b2d1d54e455d94c61deb303212d7>:0)
MLAgents.Agent.SendInfo () (at <c0e2b2d1d54e455d94c61deb303212d7>:0)
MLAgents.Academy.EnvironmentStep () (at <c0e2b2d1d54e455d94c61deb303212d7>:0)
MLAgents.Academy.FixedUpdate () (at <c0e2b2d1d54e455d94c61deb303212d7>:0)

Exception
NullReferenceException: Object reference not set to an instance of an object
RobotArmAgent.CollectObservations () (at <c0e2b2d1d54e455d94c61deb303212d7>:0)
MLAgents.Agent.SendInfoToBrain () (at <c0e2b2d1d54e455d94c61deb303212d7>:0)
MLAgents.Agent.SendInfo () (at <c0e2b2d1d54e455d94c61deb303212d7>:0)
MLAgents.Academy.EnvironmentStep () (at <c0e2b2d1d54e455d94c61deb303212d7>:0)
MLAgents.Academy.FixedUpdate () (at <c0e2b2d1d54e455d94c61deb303212d7>:0)

Exception
NullReferenceException: Object reference not set to an instance of an object
RobotArmAgent.CollectObservations () (at <c0e2b2d1d54e455d94c61deb303212d7>:0)
MLAgents.Agent.SendInfoToBrain () (at <c0e2b2d1d54e455d94c61deb303212d7>:0)
MLAgents.Agent.SendInfo () (at <c0e2b2d1d54e455d94c61deb303212d7>:0)
MLAgents.Academy.EnvironmentStep () (at <c0e2b2d1d54e455d94c61deb303212d7>:0)
MLAgents.Academy.FixedUpdate () (at <c0e2b2d1d54e455d94c61deb303212d7>:0)

